<?xml version="1.0" encoding="UTF-8"?>
<!-- Generated by org.testng.reporters.JUnitReportReporter -->
<testsuite hostname="ALIPL5413" failures="0" tests="1" name="tests.First_Test" time="1.939" errors="0" timestamp="2023-03-24T19:02:32 IST" skipped="0">
  <testcase classname="tests.First_Test" name="getData" time="1.939"/>
  <system-out/>
</testsuite> <!-- tests.First_Test -->
