<?xml version="1.0" encoding="UTF-8"?>
<!-- Generated by org.testng.reporters.JUnitReportReporter -->
<testsuite hostname="ALIPL5413" failures="0" tests="1" name="stepDefinations.first_Test" time="1.841" errors="0" timestamp="2023-04-05T12:43:27 IST" skipped="0">
  <testcase classname="stepDefinations.first_Test" name="get_account_details" time="1.841"/>
  <system-out/>
</testsuite> <!-- stepDefinations.first_Test -->
